[debug] [2018-12-09T04:54:52.840Z] ----------------------------------------------------------------------
[debug] [2018-12-09T04:54:52.843Z] Command:       /usr/local/bin/node /usr/local/bin/firebase serve
[debug] [2018-12-09T04:54:52.843Z] CLI Version:   6.0.1
[debug] [2018-12-09T04:54:52.843Z] Platform:      darwin
[debug] [2018-12-09T04:54:52.843Z] Node Version:  v8.9.4
[debug] [2018-12-09T04:54:52.844Z] Time:          Sun Dec 09 2018 13:54:52 GMT+0900 (JST)
[debug] [2018-12-09T04:54:52.845Z] ----------------------------------------------------------------------
[debug] 
[debug] [2018-12-09T04:54:52.865Z] > command requires scopes: ["email","openid","https://www.googleapis.com/auth/cloudplatformprojects.readonly","https://www.googleapis.com/auth/firebase","https://www.googleapis.com/auth/cloud-platform"]
[debug] [2018-12-09T04:54:52.866Z] > authorizing via signed-in user
[debug] [2018-12-09T04:54:52.866Z] [iam] checking project lcnem-wallet for permissions ["firebase.projects.get"]
[debug] [2018-12-09T04:54:52.868Z] > refreshing access token with scopes: ["email","https://www.googleapis.com/auth/cloud-platform","https://www.googleapis.com/auth/cloudplatformprojects.readonly","https://www.googleapis.com/auth/firebase","openid"]
[debug] [2018-12-09T04:54:52.868Z] >>> HTTP REQUEST POST https://www.googleapis.com/oauth2/v3/token  
 <request body omitted>
[debug] [2018-12-09T04:54:53.112Z] <<< HTTP RESPONSE 200
[debug] [2018-12-09T04:54:53.134Z] >>> HTTP REQUEST POST https://cloudresourcemanager.googleapis.com/v1/projects/lcnem-wallet:testIamPermissions  

[debug] [2018-12-09T04:54:53.967Z] <<< HTTP RESPONSE 200
[debug] [2018-12-09T04:54:53.968Z] >>> HTTP REQUEST GET https://cloudresourcemanager.googleapis.com/v1/projects/lcnem-wallet  
 
[debug] [2018-12-09T04:54:54.784Z] <<< HTTP RESPONSE 200
[info] 
[info] === Serving from '/Users/kurataryusei/LCNEM/lcnem-wallet/firebase'...
[info] 
[info] i  functions: Preparing to emulate functions.
[debug] [2018-12-09T04:54:55.835Z] Fetching environment
[debug] [2018-12-09T04:54:55.838Z] >>> HTTP REQUEST GET https://mobilesdk-pa.googleapis.com/v1/projects/522057576747:getServerAppConfig  
 
[debug] [2018-12-09T04:54:55.839Z] >>> HTTP REQUEST GET https://mobilesdk-pa.googleapis.com/v1/projects/522057576747/clients/_:getWebAppConfig  
 
[debug] [2018-12-09T04:54:56.732Z] <<< HTTP RESPONSE 200
[debug] [2018-12-09T04:54:56.732Z] Starting @google-cloud/functions-emulator
[debug] [2018-12-09T04:54:56.813Z] <<< HTTP RESPONSE 200
[info] i  hosting: Serving hosting files from: public
[info] ✔  hosting: Local server: http://localhost:5000
[debug] [2018-12-09T04:54:58.279Z] Parsing function triggers
[warn] ⚠  functions: Failed to load functions source code. Ensure that you have the latest SDK by running npm i --save firebase-functions inside the functions directory.
[debug] [2018-12-09T04:54:58.357Z] Error during trigger parsing:  Error parsing triggers: Cannot find module '/Users/kurataryusei/LCNEM/lcnem-wallet/firebase/functions'

Try running "npm install" in your functions directory before deploying.
[warn] ⚠  functions: Error from emulator. Error parsing triggers: Cannot find module '/Users/kurataryusei/LCNEM/lcnem-wallet/firebase/functions'

Try running "npm install" in your functions directory before deploying.
[debug] [2018-12-09T04:54:58.358Z] 
